[2025-05-07 19:46:18] [INFO]:
Spectator UUID: 80b61a69-bf45-3ca6-b1ce-db5aa66764e7
Spectator Name: CheddederALT
Taken         : []
Given         : [GLASS x 1]
Target        : JaceGottaMace
[2025-05-07 19:46:31] [INFO]:
Spectator UUID: 80b61a69-bf45-3ca6-b1ce-db5aa66764e7
Spectator Name: CheddederALT
Taken         : []
Given         : [GLASS x 1]
Target        : Nalla
[2025-05-07 19:46:31] [INFO]:
Spectator UUID: 80b61a69-bf45-3ca6-b1ce-db5aa66764e7
Spectator Name: CheddederALT
Taken         : []
Given         : [GLASS x 1]
Target        : Nalla
[2025-05-07 19:46:31] [INFO]:
Spectator UUID: 80b61a69-bf45-3ca6-b1ce-db5aa66764e7
Spectator Name: CheddederALT
Taken         : []
Given         : [GLASS x 1]
Target        : Nalla
[2025-05-07 23:27:16] [INFO]:
Spectator UUID: 80b61a69-bf45-3ca6-b1ce-db5aa66764e7
Spectator Name: CheddederALT
Taken         : []
Given         : [TORCH x 12]
Target        : Nalla
[2025-05-07 23:27:16] [INFO]:
Spectator UUID: 80b61a69-bf45-3ca6-b1ce-db5aa66764e7
Spectator Name: CheddederALT
Taken         : []
Given         : [TORCH x 12]
Target        : Nalla
[2025-05-07 23:29:37] [INFO]:
Spectator UUID: 80b61a69-bf45-3ca6-b1ce-db5aa66764e7
Spectator Name: CheddederALT
Taken         : []
Given         : [INK_SACK x 31]
Target        : Nalla
[2025-05-07 23:29:37] [INFO]:
Spectator UUID: 80b61a69-bf45-3ca6-b1ce-db5aa66764e7
Spectator Name: CheddederALT
Taken         : []
Given         : [INK_SACK x 31]
Target        : Nalla
[2025-05-07 23:29:37] [INFO]:
Spectator UUID: 80b61a69-bf45-3ca6-b1ce-db5aa66764e7
Spectator Name: CheddederALT
Taken         : []
Given         : [INK_SACK x 31]
Target        : Nalla
