[03:26:17] [Server thread/INFO]: Starting minecraft server version 1.12.2
[03:26:17] [Server thread/INFO]: Loading properties
[03:26:17] [Server thread/INFO]: Default game type: SURVIVAL
[03:26:17] [Server thread/INFO]: This server is running Paper version git-Paper-1620 (MC: 1.12.2) (Implementing API version 1.12.2-R0.1-SNAPSHOT)
[03:26:18] [Server thread/INFO]: Debug logging is disabled
[03:26:18] [Server thread/INFO]: Server Ping Player Sample Count: 12
[03:26:18] [Server thread/INFO]: Using 4 threads for Netty based IO
[03:26:18] [Server thread/INFO]: Generating keypair
[03:26:18] [Server thread/INFO]: Starting Minecraft server on *:25566
[03:26:18] [Server thread/INFO]: Using epoll channel type
[03:26:18] [Server thread/INFO]: Set PluginClassLoader as parallel capable
[03:26:18] [Server thread/INFO]: [Skript] Loading Skript v2.2-dev36
[03:26:18] [Server thread/INFO]: [Essentials] Loading Essentials v2.21.1-dev+15-fe43017
[03:26:18] [Server thread/INFO]: [InvSee++] Loading InvSeePlusPlus v0.29.23
[03:26:18] [Server thread/INFO]: [VeinMiner] Loading VeinMiner v1.11.3
[03:26:18] [Server thread/INFO]: [SuperpickaxeReloaded] Loading SuperpickaxeReloaded v2.4.0
[03:26:18] [Server thread/INFO]: [ProtocolLib] Loading ProtocolLib v5.3.0
[03:26:19] [Server thread/INFO]: [Aperture] Loading Aperture v1.0.8
[03:26:19] [Server thread/INFO]: Server permissions file permissions.yml is empty, ignoring it
[03:26:19] [Server thread/INFO]: [ProtocolLib] Enabling ProtocolLib v5.3.0
[03:26:19] [Server thread/WARN]: **** SERVER IS RUNNING IN OFFLINE/INSECURE MODE!
[03:26:19] [Server thread/WARN]: The server will make no attempt to authenticate usernames. Beware.
[03:26:19] [Server thread/WARN]: While this makes the game possible to play without internet access, it also opens up the ability for hackers to connect with any username they choose.
[03:26:19] [Server thread/WARN]: To change this, set "online-mode" to "true" in the server.properties file.
[03:26:19] [Server thread/INFO]: **** Beginning UUID conversion, this may take A LONG time ****
[03:26:19] [Server thread/INFO]: Preparing level "world"
[03:26:19] [Server thread/INFO]: -------- World Settings For [world] --------
[03:26:19] [Server thread/INFO]: Mob Spawn Range: 4
[03:26:19] [Server thread/INFO]: Cactus Growth Modifier: 100%
[03:26:19] [Server thread/INFO]: Cane Growth Modifier: 100%
[03:26:19] [Server thread/INFO]: Melon Growth Modifier: 100%
[03:26:19] [Server thread/INFO]: Mushroom Growth Modifier: 100%
[03:26:19] [Server thread/INFO]: Pumpkin Growth Modifier: 100%
[03:26:19] [Server thread/INFO]: Sapling Growth Modifier: 100%
[03:26:19] [Server thread/INFO]: Wheat Growth Modifier: 100%
[03:26:19] [Server thread/INFO]: NetherWart Growth Modifier: 100%
[03:26:19] [Server thread/INFO]: Vine Growth Modifier: 100%
[03:26:19] [Server thread/INFO]: Cocoa Growth Modifier: 100%
[03:26:19] [Server thread/INFO]: Entity Activation Range: An 32 / Mo 32 / Mi 16 / Tiv true
[03:26:19] [Server thread/INFO]: Entity Tracking Range: Pl 48 / An 48 / Mo 48 / Mi 32 / Other 64
[03:26:19] [Server thread/INFO]: Hopper Transfer: 8 Hopper Check: 1 Hopper Amount: 1
[03:26:19] [Server thread/INFO]: Random Lighting Updates: false
[03:26:19] [Server thread/INFO]: Structure Info Saving: true
[03:26:19] [Server thread/INFO]: Custom Map Seeds:  Village: 10387312 Feature: 14357617 Monument: 10387313 Slime: 987234911
[03:26:19] [Server thread/INFO]: Max TNT Explosions: 100
[03:26:19] [Server thread/INFO]: Tile Max Tick Time: 50ms Entity max Tick Time: 50ms
[03:26:19] [Server thread/INFO]: View Distance: 10
[03:26:19] [Server thread/INFO]: Item Despawn Rate: 6000
[03:26:19] [Server thread/INFO]: Item Merge Radius: 2.5
[03:26:19] [Server thread/INFO]: Arrow Despawn Rate: 1200
[03:26:19] [Server thread/INFO]: Allow Zombie Pigmen to spawn from portal blocks: true
[03:26:19] [Server thread/INFO]: Experience Merge Radius: 3.0
[03:26:19] [Server thread/INFO]: Zombie Aggressive Towards Villager: true
[03:26:19] [Server thread/INFO]: Nerfing mobs spawned from spawners: false
[03:26:19] [Server thread/INFO]: -------- World Settings For [world_nether] --------
[03:26:19] [Server thread/INFO]: Mob Spawn Range: 4
[03:26:19] [Server thread/INFO]: Cactus Growth Modifier: 100%
[03:26:19] [Server thread/INFO]: Cane Growth Modifier: 100%
[03:26:19] [Server thread/INFO]: Melon Growth Modifier: 100%
[03:26:19] [Server thread/INFO]: Mushroom Growth Modifier: 100%
[03:26:19] [Server thread/INFO]: Pumpkin Growth Modifier: 100%
[03:26:19] [Server thread/INFO]: Sapling Growth Modifier: 100%
[03:26:19] [Server thread/INFO]: Wheat Growth Modifier: 100%
[03:26:19] [Server thread/INFO]: NetherWart Growth Modifier: 100%
[03:26:19] [Server thread/INFO]: Vine Growth Modifier: 100%
[03:26:19] [Server thread/INFO]: Cocoa Growth Modifier: 100%
[03:26:19] [Server thread/INFO]: Entity Activation Range: An 32 / Mo 32 / Mi 16 / Tiv true
[03:26:19] [Server thread/INFO]: Entity Tracking Range: Pl 48 / An 48 / Mo 48 / Mi 32 / Other 64
[03:26:19] [Server thread/INFO]: Hopper Transfer: 8 Hopper Check: 1 Hopper Amount: 1
[03:26:19] [Server thread/INFO]: Random Lighting Updates: false
[03:26:19] [Server thread/INFO]: Structure Info Saving: true
[03:26:19] [Server thread/INFO]: Custom Map Seeds:  Village: 10387312 Feature: 14357617 Monument: 10387313 Slime: 987234911
[03:26:19] [Server thread/INFO]: Max TNT Explosions: 100
[03:26:19] [Server thread/INFO]: Tile Max Tick Time: 50ms Entity max Tick Time: 50ms
[03:26:19] [Server thread/INFO]: View Distance: 10
[03:26:19] [Server thread/INFO]: Item Despawn Rate: 6000
[03:26:19] [Server thread/INFO]: Item Merge Radius: 2.5
[03:26:19] [Server thread/INFO]: Arrow Despawn Rate: 1200
[03:26:19] [Server thread/INFO]: Allow Zombie Pigmen to spawn from portal blocks: true
[03:26:19] [Server thread/INFO]: Experience Merge Radius: 3.0
[03:26:19] [Server thread/INFO]: Zombie Aggressive Towards Villager: true
[03:26:19] [Server thread/INFO]: Nerfing mobs spawned from spawners: false
[03:26:19] [Server thread/INFO]: -------- World Settings For [world_the_end] --------
[03:26:19] [Server thread/INFO]: Mob Spawn Range: 4
[03:26:19] [Server thread/INFO]: Cactus Growth Modifier: 100%
[03:26:19] [Server thread/INFO]: Cane Growth Modifier: 100%
[03:26:19] [Server thread/INFO]: Melon Growth Modifier: 100%
[03:26:19] [Server thread/INFO]: Mushroom Growth Modifier: 100%
[03:26:19] [Server thread/INFO]: Pumpkin Growth Modifier: 100%
[03:26:19] [Server thread/INFO]: Sapling Growth Modifier: 100%
[03:26:19] [Server thread/INFO]: Wheat Growth Modifier: 100%
[03:26:19] [Server thread/INFO]: NetherWart Growth Modifier: 100%
[03:26:19] [Server thread/INFO]: Vine Growth Modifier: 100%
[03:26:19] [Server thread/INFO]: Cocoa Growth Modifier: 100%
[03:26:19] [Server thread/INFO]: Entity Activation Range: An 32 / Mo 32 / Mi 16 / Tiv true
[03:26:19] [Server thread/INFO]: Entity Tracking Range: Pl 48 / An 48 / Mo 48 / Mi 32 / Other 64
[03:26:19] [Server thread/INFO]: Hopper Transfer: 8 Hopper Check: 1 Hopper Amount: 1
[03:26:19] [Server thread/INFO]: Random Lighting Updates: false
[03:26:19] [Server thread/INFO]: Structure Info Saving: true
[03:26:19] [Server thread/INFO]: Custom Map Seeds:  Village: 10387312 Feature: 14357617 Monument: 10387313 Slime: 987234911
[03:26:19] [Server thread/INFO]: Max TNT Explosions: 100
[03:26:19] [Server thread/INFO]: Tile Max Tick Time: 50ms Entity max Tick Time: 50ms
[03:26:19] [Server thread/INFO]: View Distance: 10
[03:26:19] [Server thread/INFO]: Item Despawn Rate: 6000
[03:26:19] [Server thread/INFO]: Item Merge Radius: 2.5
[03:26:19] [Server thread/INFO]: Arrow Despawn Rate: 1200
[03:26:19] [Server thread/INFO]: Allow Zombie Pigmen to spawn from portal blocks: true
[03:26:19] [Server thread/INFO]: Experience Merge Radius: 3.0
[03:26:19] [Server thread/INFO]: Zombie Aggressive Towards Villager: true
[03:26:19] [Server thread/INFO]: Nerfing mobs spawned from spawners: false
[03:26:19] [Server thread/INFO]: Preparing start region for level 0 (Seed: 5650155403657695943)
[03:26:20] [Server thread/INFO]: Preparing spawn area: 6%
[03:26:21] [Server thread/INFO]: Preparing start region for level 1 (Seed: 5650155403657695943)
[03:26:22] [Server thread/INFO]: Preparing start region for level 2 (Seed: 5650155403657695943)
[03:26:22] [Server thread/INFO]: [Skript] Enabling Skript v2.2-dev36
[03:26:22] [Server thread/INFO]: [Skript] Starting updater thread
[03:26:25] [Server thread/INFO]: [Skript] Loaded a total of 79112 english aliases
[03:26:25] [Server thread/INFO]: [Skript]  ~ created by & © Peter Güttinger aka Njol ~
[03:26:25] [Server thread/INFO]: [Essentials] Enabling Essentials v2.21.1-dev+15-fe43017
[03:26:25] [User Authenticator #1/INFO]: UUID of player Nalla is 1e757714-8f36-3b87-8856-a63fc0354aaf
[03:26:25] [Server thread/INFO]: [Essentials] Attempting to convert old kits in config.yml to new kits.yml
[03:26:25] [Server thread/INFO]: [Essentials] No kits found to migrate.
[03:26:25] [Server thread/INFO]: [Essentials] Selected 1.12.2+ Player Locale Provider as the provider for PlayerLocaleProvider
[03:26:25] [Server thread/INFO]: [Essentials] Selected 1.9-1.12.2 Spawn Egg Provider as the provider for SpawnEggProvider
[03:26:25] [Server thread/INFO]: [Essentials] No provider found for SerializationProvider, but it is nullable
[03:26:25] [Server thread/INFO]: [Essentials] Selected Reflection Server State Provider as the provider for ServerStateProvider
[03:26:25] [Server thread/INFO]: [Essentials] Selected Legacy InventoryView Abstract Class ABI Provider as the provider for InventoryViewProvider
[03:26:25] [Server thread/INFO]: [Essentials] No provider found for BiomeKeyProvider, but it is nullable
[03:26:25] [Server thread/INFO]: [Essentials] Selected 1.11+ Item Unbreakable Provider as the provider for ItemUnbreakableProvider
[03:26:25] [Server thread/INFO]: [Essentials] Selected Fixed Height World Info Provider as the provider for WorldInfoProvider
[03:26:25] [Server thread/INFO]: [Essentials] Selected 1.12+ Spawner Block Provider as the provider for SpawnerBlockProvider
[03:26:25] [Server thread/INFO]: [Essentials] Selected Reflection Formatted Command Alias Provider as the provider for FormattedCommandAliasProvider
[03:26:25] [Server thread/INFO]: [Essentials] Selected Reflection Online Mode Provider as the provider for OnlineModeProvider
[03:26:25] [Server thread/INFO]: [Essentials] Selected 1.8.3+ Spawner Item Provider as the provider for SpawnerItemProvider
[03:26:25] [Server thread/INFO]: [Essentials] No provider found for SignDataProvider, but it is nullable
[03:26:25] [Server thread/INFO]: [Essentials] No provider found for MaterialTagProvider, but it is nullable
[03:26:25] [Server thread/INFO]: [Essentials] Selected Legacy Banner Meta Provider as the provider for BannerDataProvider
[03:26:25] [Server thread/INFO]: [Essentials] Selected 1.9-1.20.4 Potion Meta Provider as the provider for PotionMetaProvider
[03:26:25] [Server thread/INFO]: [Essentials] Selected Legacy Damage Event Provider as the provider for DamageEventProvider
[03:26:25] [Server thread/INFO]: [Essentials] Selected Reflection Persistent Data Container Provider as the provider for PersistentDataProvider
[03:26:25] [Server thread/INFO]: [Essentials] No provider found for TickCountProvider, but it is nullable
[03:26:25] [Server thread/INFO]: [Essentials] Selected Reflection Sync Commands Provider as the provider for SyncCommandsProvider
[03:26:25] [Server thread/INFO]: [Essentials] Selected Paper Known Commands Provider as the provider for KnownCommandsProvider
[03:26:25] [Server thread/INFO]: [Essentials] No provider found for ContainerProvider, but it is nullable
[03:26:25] [Server thread/INFO]: [Essentials] Loaded 853 items from items.csv.
[03:26:25] [Server thread/INFO]: [Essentials] Using locale en
[03:26:25] [Server thread/INFO]: [Essentials] ServerListPingEvent: Spigot iterator API
[03:26:26] [Server thread/INFO]: [Essentials] Starting Metrics. Opt-out using the global bStats config.
[03:26:26] [Server thread/INFO]: [Essentials] Using config file enhanced permissions.
[03:26:26] [Server thread/INFO]: [Essentials] Permissions listed in as player-commands will be given to all users.
[03:26:26] [Server thread/INFO]: [InvSee++] Enabling InvSeePlusPlus v0.29.23
[03:26:26] [Server thread/INFO]: [VeinMiner] Enabling VeinMiner v1.11.3
[03:26:26] [Server thread/INFO]: [VeinMiner] Registering events
[03:26:26] [Server thread/INFO]: [VeinMiner] Registering commands
[03:26:26] [Server thread/INFO]: [VeinMiner] Enabling Plugin Metrics
[03:26:26] [Server thread/INFO]: [VeinMiner] Thank you for enabling Metrics! I greatly appreciate the use of plugin statistics
[03:26:26] [Server thread/INFO]: [VeinMiner] Loading configuration options to local memory
[03:26:26] [Server thread/INFO]: [VeinMiner] Unknown world found... "WorldName". Ignoring...
[03:26:26] [Server thread/INFO]: [SuperpickaxeReloaded] Enabling SuperpickaxeReloaded v2.4.0
[03:26:26] [Server thread/WARN]: [SuperpickaxeReloaded] Ignoring invalid material in allowed tools: NETHERITE_PICKAXE
[03:26:26] [Server thread/INFO]: [Aperture] Enabling Aperture v1.0.8
[03:26:26] [Server thread/INFO]: [Aperture] Loading configuration...
[03:26:26] [Server thread/INFO]: [Aperture] Loaded configuration!
[03:26:26] [Server thread/INFO]: [Aperture] Checking for updates...
[03:26:26] [Server thread/INFO]: [Aperture] Loading cameras...
[03:26:26] [Server thread/INFO]: [Aperture] Loaded cameras!
[03:26:26] [Server thread/INFO]: [Aperture] Loaded Custom Messages
[03:26:26] [Server thread/INFO]: [Aperture] =========================================
[03:26:26] [Server thread/INFO]: [Aperture] =   An update is available!  Download   =
[03:26:26] [Server thread/INFO]: [Aperture] = the latest versions from SpigotMC.org =
[03:26:26] [Server thread/INFO]: [Aperture] = to prevent bugs and use new features! =
[03:26:26] [Server thread/INFO]: [Aperture] =========================================
[03:26:26] [Server thread/INFO]: [Aperture] Finished loading!
[03:26:26] [Server thread/WARN]: [Aperture] An error occurred when starting up!
[03:26:26] [Server thread/INFO]: Done (7.775s)! For help, type "help" or "?"
[03:26:26] [Server thread/INFO]: Timings Reset
[03:26:27] [Craft Scheduler Thread - 2/INFO]: [Essentials] Fetching version information...
[03:26:27] [Server thread/INFO]: [Skript] Loading variables...
[03:26:27] [Server thread/INFO]: [Skript] Loaded 9 variables in 0.0 seconds
[03:26:27] [Server thread/INFO]: [Skript] All scripts loaded without errors.
[03:26:27] [Server thread/INFO]: [Skript] Loaded 1 script with a total of 1 trigger and 0 commands in 0.12 seconds
[03:26:27] [Server thread/INFO]: [Skript] Finished loading.
[03:26:28] [Server thread/INFO]: Nalla[/0:0:0:0:0:0:0:1%0:32948] logged in with entity id 221 at ([world]-70.96474550205657, 64.0, 264.89787896901646)
[03:26:28] [Craft Scheduler Thread - 3/INFO]: [Skript] You're currently running custom Skript version. No updates will be automatically installed.
[03:26:36] [User Authenticator #1/INFO]: UUID of player CheddederALT is 80b61a69-bf45-3ca6-b1ce-db5aa66764e7
[03:26:36] [Server thread/INFO]: CheddederALT[/0:0:0:0:0:0:0:1%0:42556] logged in with entity id 346 at ([world]-77.33215788165393, 63.0, 257.0294002863493)
[03:26:41] [Async Chat Thread - #0/INFO]: <CheddederALT> hello
[03:26:44] [Async Chat Thread - #0/INFO]: <Nalla> joseph
[03:26:47] [Async Chat Thread - #0/INFO]: <CheddederALT> what
[03:26:51] [Async Chat Thread - #0/INFO]: <Nalla> looting 3 or fire aspect 1
[03:26:55] [Async Chat Thread - #0/INFO]: <CheddederALT> looting
[03:26:59] [Async Chat Thread - #0/INFO]: <Nalla> ok
[03:27:09] [Async Chat Thread - #0/INFO]: <Nalla> yooo
[03:27:16] [Async Chat Thread - #0/INFO]: <Nalla> sharpe 3 and looting 3
[03:27:35] [Async Chat Thread - #0/INFO]: <CheddederALT> come outside
[03:27:52] [Async Chat Thread - #0/INFO]: <Nalla> wow
[03:27:53] [Async Chat Thread - #0/INFO]: <CheddederALT> it glitchy
[03:27:57] [Async Chat Thread - #0/INFO]: <CheddederALT> i gtg now tho
[03:28:01] [Async Chat Thread - #0/INFO]: <CheddederALT> u can keep play if u want
[03:28:03] [Async Chat Thread - #0/INFO]: <Nalla> ok
[03:28:06] [Async Chat Thread - #0/INFO]: <CheddederALT> baiyyyy
[03:28:07] [Async Chat Thread - #0/INFO]: <Nalla> cya
[03:28:14] [Server thread/INFO]: CheddederALT lost connection: Disconnected
[03:28:14] [Server thread/INFO]: CheddederALT left the game
[03:28:30] [Server thread/INFO]: Nalla issued server command: /gamemode c
[03:28:45] [Server thread/INFO]: Nalla issued server command: /gamemode s
[03:30:48] [Server thread/INFO]: Nalla issued server command: /xp give Nalla 10000
[03:32:09] [Server thread/INFO]: [@: The dataTag does not match for e1057e67-3765-4438-8e23-5018eed2ba73]
[03:32:09] [Server thread/INFO]: [@: The dataTag does not match for e1057e67-3765-4438-8e23-5018eed2ba73]
[03:32:09] [Server thread/INFO]: [@: The dataTag does not match for e1057e67-3765-4438-8e23-5018eed2ba73]
[03:32:09] [Server thread/INFO]: [@: The dataTag does not match for e1057e67-3765-4438-8e23-5018eed2ba73]
[03:33:10] [Server thread/INFO]: [Essentials] CONSOLE issued server command: /list 
[03:33:10] [Server thread/INFO]: There are 1 out of maximum 20 players online.
[03:33:10] [Server thread/INFO]: default:Nalla
[03:33:17] [User Authenticator #2/INFO]: UUID of player CheddederALT is 80b61a69-bf45-3ca6-b1ce-db5aa66764e7
[03:33:18] [Server thread/INFO]: CheddederALT[/0:0:0:0:0:0:0:1%0:47144] logged in with entity id 656 at ([world]-78.6982421875, 67.8500000178814, 263.3017578125)
[03:33:22] [Async Chat Thread - #1/INFO]: <CheddederALT> hi
[03:33:25] [Async Chat Thread - #1/INFO]: <CheddederALT> ima afk
[03:33:25] [Async Chat Thread - #1/INFO]: <Nalla> hi
[03:33:27] [Async Chat Thread - #1/INFO]: <Nalla> ok
[03:33:31] [Async Chat Thread - #1/INFO]: <CheddederALT> i need to practice violin
[03:33:34] [Async Chat Thread - #1/INFO]: <Nalla> ok
[03:34:04] [Server thread/INFO]: [@: The dataTag does not match for b6dd1a44-028b-4b32-873e-2d34d4fe23b2]
[03:34:04] [Server thread/INFO]: [@: The dataTag does not match for b6dd1a44-028b-4b32-873e-2d34d4fe23b2]
[03:34:09] [Server thread/INFO]: [@: The dataTag does not match for 0137b162-3479-4d94-b9b3-1f04accfe147]
[03:34:09] [Server thread/INFO]: [@: Set score of inGround for player 0137b162-3479-4d94-b9b3-1f04accfe147 to 1]
[03:34:09] [Server thread/INFO]: [Arrow: Object successfully summoned]
[03:34:09] [Server thread/INFO]: [@: Killed Arrow]
[03:34:19] [Async Chat Thread - #1/INFO]: <CheddederALT> bruh
[03:34:23] [Async Chat Thread - #1/INFO]: <CheddederALT> i can see u use arrow
[03:34:28] [Async Chat Thread - #1/INFO]: <Nalla> ok
[03:34:58] [Async Chat Thread - #1/INFO]: <CheddederALT> i hafta restart server
[03:35:02] [Async Chat Thread - #1/INFO]: <Nalla> ok
[03:35:03] [Async Chat Thread - #1/INFO]: <CheddederALT> be back up in 1 min
[03:35:04] [Async Chat Thread - #1/INFO]: <Nalla> well
[03:35:05] [Async Chat Thread - #1/INFO]: <CheddederALT> ok
[03:35:08] [Async Chat Thread - #1/INFO]: <Nalla> i think i gtg
[03:35:12] [Server thread/INFO]: [Server] thats fine
[03:35:15] [Server thread/INFO]: [Server] i gtg too
[03:35:16] [Async Chat Thread - #1/INFO]: <Nalla> cya
[03:35:19] [Server thread/INFO]: [Server] cya
[03:35:20] [Server thread/INFO]: Nalla lost connection: Disconnected
[03:35:20] [Server thread/INFO]: Nalla left the game
[03:35:26] [Server thread/INFO]: Stopping the server
[03:35:26] [Server thread/INFO]: Stopping server
[03:35:26] [Server thread/INFO]: [Aperture] Disabling Aperture v1.0.8
[03:35:26] [Server thread/INFO]: [ProtocolLib] Disabling ProtocolLib v5.3.0
[03:35:26] [Server thread/INFO]: [SuperpickaxeReloaded] Disabling SuperpickaxeReloaded v2.4.0
[03:35:26] [Server thread/INFO]: [VeinMiner] Disabling VeinMiner v1.11.3
[03:35:26] [Server thread/INFO]: [VeinMiner] Clearing localized data
[03:35:26] [Server thread/INFO]: [InvSee++] Disabling InvSeePlusPlus v0.29.23
[03:35:26] [Server thread/INFO]: [Essentials] Disabling Essentials v2.21.1-dev+15-fe43017
[03:35:26] [Server thread/INFO]: [Skript] Disabling Skript v2.2-dev36
[03:35:26] [Server thread/INFO]: Saving players
[03:35:26] [Server thread/INFO]: CheddederALT lost connection: Server closed
[03:35:26] [Server thread/INFO]: CheddederALT left the game
[03:35:26] [Server thread/INFO]: Saving worlds
[03:35:26] [Server thread/INFO]: Saving chunks for level 'world'/overworld
[03:35:27] [Server thread/INFO]: Saving chunks for level 'world_nether'/the_nether
[03:35:27] [Server thread/INFO]: Saving chunks for level 'world_the_end'/the_end
