[2025-05-06 19:52:41] [INFO]:
Spectator UUID: 283e61a2-d7d2-3484-978d-435219042731
Spectator Name: Cheddeder
Taken         : [STONE_SWORD x 1, STONE_PICKAXE x 1, STONE_AXE x 1]
Given         : []
Target        : Nalla
[2025-05-06 19:52:41] [INFO]:
Spectator UUID: 283e61a2-d7d2-3484-978d-435219042731
Spectator Name: Cheddeder
Taken         : [STONE_SWORD x 1, STONE_PICKAXE x 1, STONE_AXE x 1]
Given         : []
Target        : Nalla
[2025-05-06 19:52:54] [INFO]:
Spectator UUID: 283e61a2-d7d2-3484-978d-435219042731
Spectator Name: Cheddeder
Taken         : []
Given         : [STONE_AXE x 1, STONE_SWORD x 1, STONE_PICKAXE x 1]
Target        : Nalla
[2025-05-06 19:52:54] [INFO]:
Spectator UUID: 283e61a2-d7d2-3484-978d-435219042731
Spectator Name: Cheddeder
Taken         : []
Given         : [STONE_AXE x 1, STONE_SWORD x 1, STONE_PICKAXE x 1]
Target        : Nalla
[2025-05-06 19:52:54] [INFO]:
Spectator UUID: 283e61a2-d7d2-3484-978d-435219042731
Spectator Name: Cheddeder
Taken         : []
Given         : [STONE_AXE x 1, STONE_SWORD x 1, STONE_PICKAXE x 1]
Target        : Nalla
[2025-05-06 19:53:37] [INFO]:
Spectator UUID: 1e757714-8f36-3b87-8856-a63fc0354aaf
Spectator Name: Nalla
Taken         : [SNOW_BALL x 16]
Given         : []
Target        : Cheddeder
[2025-05-06 19:53:48] [INFO]:
Spectator UUID: 283e61a2-d7d2-3484-978d-435219042731
Spectator Name: Cheddeder
Taken         : [SNOW_BALL x 13]
Given         : []
Target        : Nalla
[2025-05-06 19:53:48] [INFO]:
Spectator UUID: 283e61a2-d7d2-3484-978d-435219042731
Spectator Name: Cheddeder
Taken         : [SNOW_BALL x 13]
Given         : []
Target        : Nalla
[2025-05-06 19:53:48] [INFO]:
Spectator UUID: 283e61a2-d7d2-3484-978d-435219042731
Spectator Name: Cheddeder
Taken         : [SNOW_BALL x 13]
Given         : []
Target        : Nalla
[2025-05-06 19:53:48] [INFO]:
Spectator UUID: 283e61a2-d7d2-3484-978d-435219042731
Spectator Name: Cheddeder
Taken         : [SNOW_BALL x 13]
Given         : []
Target        : Nalla
[2025-05-06 19:54:54] [INFO]:
Spectator UUID: 283e61a2-d7d2-3484-978d-435219042731
Spectator Name: Cheddeder
Taken         : []
Given         : [REDSTONE_BLOCK x 1, LOG x 2, DIODE x 1, STONE x 3, DIRT x 50, COBBLESTONE x 11, PISTON_STICKY_BASE x 64, OBSERVER x 64]
Target        : Nalla
[2025-05-06 20:20:13] [INFO]:
Spectator UUID: 283e61a2-d7d2-3484-978d-435219042731
Spectator Name: Cheddeder
Taken         : [DIAMOND x 4]
Given         : []
Target        : Nalla
[2025-05-06 20:20:31] [INFO]:
Spectator UUID: 283e61a2-d7d2-3484-978d-435219042731
Spectator Name: Cheddeder
Taken         : []
Given         : [DIAMOND x 4]
Target        : Nalla
[2025-05-06 20:20:31] [INFO]:
Spectator UUID: 283e61a2-d7d2-3484-978d-435219042731
Spectator Name: Cheddeder
Taken         : []
Given         : [DIAMOND x 4]
Target        : Nalla
[2025-05-06 20:21:01] [INFO]:
Spectator UUID: 283e61a2-d7d2-3484-978d-435219042731
Spectator Name: Cheddeder
Taken         : []
Given         : [STONE x 1]
Target        : Nalla
[2025-05-06 20:21:01] [INFO]:
Spectator UUID: 283e61a2-d7d2-3484-978d-435219042731
Spectator Name: Cheddeder
Taken         : []
Given         : [STONE x 1]
Target        : Nalla
[2025-05-06 20:21:01] [INFO]:
Spectator UUID: 283e61a2-d7d2-3484-978d-435219042731
Spectator Name: Cheddeder
Taken         : []
Given         : [STONE x 1]
Target        : Nalla
[2025-05-06 20:23:05] [INFO]:
Spectator UUID: 283e61a2-d7d2-3484-978d-435219042731
Spectator Name: Cheddeder
Taken         : []
Given         : [STONE x 63, COMMAND_REPEATING x 1, SNOW_BALL x 13, REDSTONE_TORCH_ON x 4, FLINT_AND_STEEL x 1, DIODE x 64, SAPLING x 2]
Target        : Nalla
[2025-05-06 20:23:05] [INFO]:
Spectator UUID: 283e61a2-d7d2-3484-978d-435219042731
Spectator Name: Cheddeder
Taken         : []
Given         : [STONE x 63, COMMAND_REPEATING x 1, SNOW_BALL x 13, REDSTONE_TORCH_ON x 4, FLINT_AND_STEEL x 1, DIODE x 64, SAPLING x 2]
Target        : Nalla
[2025-05-06 20:24:56] [INFO]:
Spectator UUID: 283e61a2-d7d2-3484-978d-435219042731
Spectator Name: Cheddeder
Taken         : [END_ROD x 1, PISTON_STICKY_BASE x 1]
Given         : [DIAMOND_HELMET & UNSPECIFIC_META:{meta-type=UNSPECIFIC, enchants={PROTECTION_ENVIRONMENTAL=4, THORNS=3, DURABILITY=3, MENDING=1}} x 1, DIAMOND_BOOTS & UNSPECIFIC_META:{meta-type=UNSPECIFIC, enchants={PROTECTION_ENVIRONMENTAL=4, THORNS=3, DURABILITY=3, MENDING=1}} x 1, DIAMOND_CHESTPLATE & UNSPECIFIC_META:{meta-type=UNSPECIFIC, enchants={PROTECTION_ENVIRONMENTAL=4, THORNS=3, DURABILITY=3, MENDING=1}} x 1, DIAMOND_LEGGINGS & UNSPECIFIC_META:{meta-type=UNSPECIFIC, enchants={PROTECTION_ENVIRONMENTAL=4, THORNS=3, DURABILITY=3, MENDING=1}} x 1]
Target        : Nalla
[2025-05-06 20:25:40] [INFO]:
Spectator UUID: 283e61a2-d7d2-3484-978d-435219042731
Spectator Name: Cheddeder
Taken         : []
Given         : [PISTON_STICKY_BASE x 1, END_ROD x 1]
Target        : ifarted69
[2025-05-06 20:25:40] [INFO]:
Spectator UUID: 283e61a2-d7d2-3484-978d-435219042731
Spectator Name: Cheddeder
Taken         : []
Given         : [PISTON_STICKY_BASE x 1, END_ROD x 1]
Target        : ifarted69
[2025-05-06 20:25:40] [INFO]:
Spectator UUID: 283e61a2-d7d2-3484-978d-435219042731
Spectator Name: Cheddeder
Taken         : []
Given         : [PISTON_STICKY_BASE x 1, END_ROD x 1]
Target        : ifarted69
[2025-05-06 20:25:43] [INFO]:
Spectator UUID: 6208b2cb-36e8-3c5b-b093-4f130b6aaf42
Spectator Name: ifarted69
Taken         : []
Given         : [PISTON_STICKY_BASE x 1, MONSTER_EGG & SPAWN_EGG_META:{meta-type=SPAWN_EGG, internal=H4sIAAAAAAAAAONiYOBi4HTNK8ksqQxJTOdgYMpMYeDPzcxLTS5KTCuxKs5ITS1gYAAAYb2CQScAAAA=, id=sheep} x 1, END_ROD x 1]
Target        : Nalla
[2025-05-06 20:25:43] [INFO]:
Spectator UUID: 6208b2cb-36e8-3c5b-b093-4f130b6aaf42
Spectator Name: ifarted69
Taken         : []
Given         : [PISTON_STICKY_BASE x 1, MONSTER_EGG & SPAWN_EGG_META:{meta-type=SPAWN_EGG, internal=H4sIAAAAAAAAAONiYOBi4HTNK8ksqQxJTOdgYMpMYeDPzcxLTS5KTCuxKs5ITS1gYAAAYb2CQScAAAA=, id=sheep} x 1, END_ROD x 1]
Target        : Nalla
[2025-05-06 20:27:17] [INFO]:
Spectator UUID: 283e61a2-d7d2-3484-978d-435219042731
Spectator Name: Cheddeder
Taken         : [OBSERVER x 64, PISTON_STICKY_BASE x 64, COBBLESTONE x 11, DIRT x 50, STONE x 3, DIODE x 1, REDSTONE_BLOCK x 1, LOG x 2]
Given         : [DIAMOND x 64]
Target        : Nalla
[2025-05-06 20:27:48] [INFO]:
Spectator UUID: 283e61a2-d7d2-3484-978d-435219042731
Spectator Name: Cheddeder
Taken         : [DIAMOND x 40]
Given         : []
Target        : Nalla
[2025-05-06 20:27:48] [INFO]:
Spectator UUID: 283e61a2-d7d2-3484-978d-435219042731
Spectator Name: Cheddeder
Taken         : [DIAMOND x 40]
Given         : []
Target        : Nalla
[2025-05-06 20:27:59] [INFO]:
Spectator UUID: 283e61a2-d7d2-3484-978d-435219042731
Spectator Name: Cheddeder
Taken         : [DIAMOND x 17]
Given         : []
Target        : Nalla
[2025-05-06 20:27:59] [INFO]:
Spectator UUID: 283e61a2-d7d2-3484-978d-435219042731
Spectator Name: Cheddeder
Taken         : [DIAMOND x 17]
Given         : []
Target        : Nalla
[2025-05-06 20:27:59] [INFO]:
Spectator UUID: 283e61a2-d7d2-3484-978d-435219042731
Spectator Name: Cheddeder
Taken         : [DIAMOND x 17]
Given         : []
Target        : Nalla
[2025-05-06 20:28:09] [INFO]:
Spectator UUID: 283e61a2-d7d2-3484-978d-435219042731
Spectator Name: Cheddeder
Taken         : []
Given         : [DIAMOND x 57]
Target        : Nalla
[2025-05-06 20:28:09] [INFO]:
Spectator UUID: 283e61a2-d7d2-3484-978d-435219042731
Spectator Name: Cheddeder
Taken         : []
Given         : [DIAMOND x 57]
Target        : Nalla
[2025-05-06 20:28:09] [INFO]:
Spectator UUID: 283e61a2-d7d2-3484-978d-435219042731
Spectator Name: Cheddeder
Taken         : []
Given         : [DIAMOND x 57]
Target        : Nalla
[2025-05-06 20:28:09] [INFO]:
Spectator UUID: 283e61a2-d7d2-3484-978d-435219042731
Spectator Name: Cheddeder
Taken         : []
Given         : [DIAMOND x 57]
Target        : Nalla
[2025-05-06 20:28:15] [INFO]:
Spectator UUID: 283e61a2-d7d2-3484-978d-435219042731
Spectator Name: Cheddeder
Taken         : [ENDER_CHEST x 10]
Given         : []
Target        : Nalla
[2025-05-06 20:28:15] [INFO]:
Spectator UUID: 283e61a2-d7d2-3484-978d-435219042731
Spectator Name: Cheddeder
Taken         : [ENDER_CHEST x 10]
Given         : []
Target        : Nalla
[2025-05-06 20:28:15] [INFO]:
Spectator UUID: 283e61a2-d7d2-3484-978d-435219042731
Spectator Name: Cheddeder
Taken         : [ENDER_CHEST x 10]
Given         : []
Target        : Nalla
[2025-05-06 20:28:15] [INFO]:
Spectator UUID: 283e61a2-d7d2-3484-978d-435219042731
Spectator Name: Cheddeder
Taken         : [ENDER_CHEST x 10]
Given         : []
Target        : Nalla
[2025-05-06 20:28:15] [INFO]:
Spectator UUID: 283e61a2-d7d2-3484-978d-435219042731
Spectator Name: Cheddeder
Taken         : [ENDER_CHEST x 10]
Given         : []
Target        : Nalla
[2025-05-06 20:59:44] [INFO]:
Spectator UUID: 6208b2cb-36e8-3c5b-b093-4f130b6aaf42
Spectator Name: ifarted69
Taken         : [IRON_PICKAXE x 1]
Given         : []
Target        : nalla
[2025-05-06 21:31:42] [INFO]:
Spectator UUID: 283e61a2-d7d2-3484-978d-435219042731
Spectator Name: Cheddeder
Taken         : [DIAMOND x 5]
Given         : []
Target        : Nalla
[2025-05-06 21:31:59] [INFO]:
Spectator UUID: 283e61a2-d7d2-3484-978d-435219042731
Spectator Name: Cheddeder
Taken         : []
Given         : [DIAMOND x 5]
Target        : Nalla
[2025-05-06 21:31:59] [INFO]:
Spectator UUID: 283e61a2-d7d2-3484-978d-435219042731
Spectator Name: Cheddeder
Taken         : []
Given         : [DIAMOND x 5]
Target        : Nalla
[2025-05-06 22:11:43] [INFO]:
Spectator UUID: 283e61a2-d7d2-3484-978d-435219042731
Spectator Name: Cheddeder
Taken         : [ENDER_CHEST x 53]
Given         : [REDSTONE x 64]
Target        : ifarted69
